<?xml version="1.0" encoding="UTF-8" ?>
<testsuite failures="0" time="13.232" errors="0" skipped="0" tests="21" name="es.udc.pojo.minibank.test.model.accountservice.AccountServiceTest">
  <properties>
[...]
</properties>
  <testcase time="9.914" classname="es.udc.pojo.minibank.test.model.accountservice.AccountServiceTest" name="testTransfer"/>
  <testcase time="0.302" classname="es.udc.pojo.minibank.test.model.accountservice.AccountServiceTest" name="testTransferWithInsufficientBalance"/>
  <testcase time="0.125" classname="es.udc.pojo.minibank.test.model.accountservice.AccountServiceTest" name="testTransferFromNonExistentAccount"/>
  <testcase time="0.088" classname="es.udc.pojo.minibank.test.model.accountservice.AccountServiceTest" name="testTransferToNonExistentAccount"/>
  <testcase time="0.046" classname="es.udc.pojo.minibank.test.model.accountservice.AccountServiceTest" name="testCreateAccountAndFindAccount"/>
  <testcase time="0.032" classname="es.udc.pojo.minibank.test.model.accountservice.AccountServiceTest" name="testFindNonExistentAccount"/>
  <testcase time="0.071" classname="es.udc.pojo.minibank.test.model.accountservice.AccountServiceTest" name="testAddToAccount"/>
  <testcase time="0.04" classname="es.udc.pojo.minibank.test.model.accountservice.AccountServiceTest" name="testAddToNonExistentAccount"/>
  <testcase time="0.09" classname="es.udc.pojo.minibank.test.model.accountservice.AccountServiceTest" name="testWithdrawFromAccount"/>
  <testcase time="0.024" classname="es.udc.pojo.minibank.test.model.accountservice.AccountServiceTest" name="testWithdrawFromNonExistentAccount"/>
  <testcase time="0.094" classname="es.udc.pojo.minibank.test.model.accountservice.AccountServiceTest" name="testWithdrawWithInsufficientBalance"/>
  <testcase time="0.143" classname="es.udc.pojo.minibank.test.model.accountservice.AccountServiceTest" name="testRemoveAccount"/>
  <testcase time="0.041" classname="es.udc.pojo.minibank.test.model.accountservice.AccountServiceTest" name="testRemoveNonExistentAccount"/>
  <testcase time="0.275" classname="es.udc.pojo.minibank.test.model.accountservice.AccountServiceTest" name="testFindAccountOperationsByDate2"/>
  <testcase time="0.05" classname="es.udc.pojo.minibank.test.model.accountservice.AccountServiceTest" name="testFindAccountOperationsByDateWithoutOperations"/>
  <testcase time="0.041" classname="es.udc.pojo.minibank.test.model.accountservice.AccountServiceTest" name="testFindAccountOperationsFromNonExistentAccount"/>
  <testcase time="0.273" classname="es.udc.pojo.minibank.test.model.accountservice.AccountServiceTest" name="testGetNumberOfAccountOperations"/>
  <testcase time="0.049" classname="es.udc.pojo.minibank.test.model.accountservice.AccountServiceTest" name="testGetNumberOfAccountOperationsWithoutOperations"/>
  <testcase time="0.043" classname="es.udc.pojo.minibank.test.model.accountservice.AccountServiceTest" name="testGetNumberOfAccountOperationsFromNonExistentAccount"/>
  <testcase time="0.064" classname="es.udc.pojo.minibank.test.model.accountservice.AccountServiceTest" name="testFindAccountsByUserIdWithoutAccounts"/>
  <testcase time="0.203" classname="es.udc.pojo.minibank.test.model.accountservice.AccountServiceTest" name="testFindAccountsByUserId"/>
</testsuite>