<?xml version="1.0" encoding="UTF-8" ?>
<testsuite failures="0" time="12.794" errors="0" skipped="0" tests="21" name="es.udc.pojo.minibank.test.model.accountservice.AccountServiceTest">
  <properties>
[...]
</properties>
  <testcase time="8.835" classname="es.udc.pojo.minibank.test.model.accountservice.AccountServiceTest" name="testCreateAccountAndFindAccount"/>
  <testcase time="0.062" classname="es.udc.pojo.minibank.test.model.accountservice.AccountServiceTest" name="testFindNonExistentAccount"/>
  <testcase time="0.838" classname="es.udc.pojo.minibank.test.model.accountservice.AccountServiceTest" name="testAddToAccount"/>
  <testcase time="0.08" classname="es.udc.pojo.minibank.test.model.accountservice.AccountServiceTest" name="testAddToNonExistentAccount"/>
  <testcase time="0.184" classname="es.udc.pojo.minibank.test.model.accountservice.AccountServiceTest" name="testWithdrawFromAccount"/>
  <testcase time="0.064" classname="es.udc.pojo.minibank.test.model.accountservice.AccountServiceTest" name="testWithdrawFromNonExistentAccount"/>
  <testcase time="0.07" classname="es.udc.pojo.minibank.test.model.accountservice.AccountServiceTest" name="testWithdrawWithInsufficientBalance"/>
  <testcase time="0.125" classname="es.udc.pojo.minibank.test.model.accountservice.AccountServiceTest" name="testRemoveAccount"/>
  <testcase time="0.024" classname="es.udc.pojo.minibank.test.model.accountservice.AccountServiceTest" name="testRemoveNonExistentAccount"/>
  <testcase time="0.36" classname="es.udc.pojo.minibank.test.model.accountservice.AccountServiceTest" name="testFindAccountOperationsByDate2"/>
  <testcase time="0.109" classname="es.udc.pojo.minibank.test.model.accountservice.AccountServiceTest" name="testFindAccountOperationsByDateWithoutOperations"/>
  <testcase time="0.032" classname="es.udc.pojo.minibank.test.model.accountservice.AccountServiceTest" name="testFindAccountOperationsFromNonExistentAccount"/>
  <testcase time="0.517" classname="es.udc.pojo.minibank.test.model.accountservice.AccountServiceTest" name="testGetNumberOfAccountOperations"/>
  <testcase time="0.069" classname="es.udc.pojo.minibank.test.model.accountservice.AccountServiceTest" name="testGetNumberOfAccountOperationsWithoutOperations"/>
  <testcase time="0.025" classname="es.udc.pojo.minibank.test.model.accountservice.AccountServiceTest" name="testGetNumberOfAccountOperationsFromNonExistentAccount"/>
  <testcase time="0.065" classname="es.udc.pojo.minibank.test.model.accountservice.AccountServiceTest" name="testFindAccountsByUserIdWithoutAccounts"/>
  <testcase time="0.132" classname="es.udc.pojo.minibank.test.model.accountservice.AccountServiceTest" name="testFindAccountsByUserId"/>
  <testcase time="0.164" classname="es.udc.pojo.minibank.test.model.accountservice.AccountServiceTest" name="testTransfer"/>
  <testcase time="0.11" classname="es.udc.pojo.minibank.test.model.accountservice.AccountServiceTest" name="testTransferWithInsufficientBalance"/>
  <testcase time="0.051" classname="es.udc.pojo.minibank.test.model.accountservice.AccountServiceTest" name="testTransferFromNonExistentAccount"/>
  <testcase time="0.061" classname="es.udc.pojo.minibank.test.model.accountservice.AccountServiceTest" name="testTransferToNonExistentAccount"/>
</testsuite>